Build started 5/7/2015 2:55:38 PM.
     1>Project "C:\Users\Miles Robson\documents\visual studio 2013\Projects\MazeGeneration\MazeGeneration\MazeGeneration.vcxproj" on node 2 (Build target(s)).
     1>ClCompile:
         C:\Program Files (x86)\Microsoft Visual Studio 12.0\VC\bin\CL.exe /c /ZI /nologo /W3 /WX- /sdl /Od /Oy- /D WIN32 /D _DEBUG /D _CONSOLE /D _LIB /D _UNICODE /D UNICODE /Gm /EHsc /RTC1 /MDd /GS /fp:precise /Zc:wchar_t /Zc:forScope /Fo"Debug\\" /Fd"Debug\vc120.pdb" /Gd /TP /analyze- /errorReport:prompt creature.cpp main.cpp mazeGenerator.cpp
         mazeGenerator.cpp
     1>c:\users\miles robson\documents\visual studio 2013\projects\mazegeneration\mazegeneration\mazegenerator.cpp(8): warning C4101: 'i' : unreferenced local variable
         main.cpp
     1>c:\users\miles robson\documents\visual studio 2013\projects\mazegeneration\mazegeneration\main.cpp(28): warning C4244: 'argument' : conversion from 'time_t' to 'unsigned int', possible loss of data
     1>c:\users\miles robson\documents\visual studio 2013\projects\mazegeneration\mazegeneration\main.cpp(58): warning C4244: 'argument' : conversion from 'time_t' to 'unsigned int', possible loss of data
     1>c:\users\miles robson\documents\visual studio 2013\projects\mazegeneration\mazegeneration\main.cpp(30): warning C4101: 'creature' : unreferenced local variable
         creature.cpp
         Generating Code...
     1>c:\users\miles robson\documents\visual studio 2013\projects\mazegeneration\mazegeneration\creature.cpp(42): warning C4715: 'creature::findFlag' : not all control paths return a value
       Link:
         C:\Program Files (x86)\Microsoft Visual Studio 12.0\VC\bin\link.exe /ERRORREPORT:PROMPT /OUT:"C:\Users\Miles Robson\documents\visual studio 2013\Projects\MazeGeneration\Debug\MazeGeneration.exe" /INCREMENTAL /NOLOGO kernel32.lib user32.lib gdi32.lib winspool.lib comdlg32.lib advapi32.lib shell32.lib ole32.lib oleaut32.lib uuid.lib odbc32.lib odbccp32.lib /MANIFEST /MANIFESTUAC:"level='asInvoker' uiAccess='false'" /manifest:embed /DEBUG /PDB:"C:\Users\Miles Robson\documents\visual studio 2013\Projects\MazeGeneration\Debug\MazeGeneration.pdb" /SUBSYSTEM:CONSOLE /TLBID:1 /DYNAMICBASE /NXCOMPAT /IMPLIB:"C:\Users\Miles Robson\documents\visual studio 2013\Projects\MazeGeneration\Debug\MazeGeneration.lib" /MACHINE:X86 Debug\creature.obj
         Debug\main.obj
         Debug\mazeGenerator.obj
         MazeGeneration.vcxproj -> C:\Users\Miles Robson\documents\visual studio 2013\Projects\MazeGeneration\Debug\MazeGeneration.exe
     1>Done Building Project "C:\Users\Miles Robson\documents\visual studio 2013\Projects\MazeGeneration\MazeGeneration\MazeGeneration.vcxproj" (Build target(s)).

Build succeeded.

Time Elapsed 00:00:01.77
